<?xml version="1.0" encoding="UTF-8"?>
<!-- Generated by org.testng.reporters.JUnitXMLReporter -->
<testsuite ignored="0" hostname="Ketan-PC" failures="0" tests="5" name="Surefire test" time="5.719" errors="0" timestamp="2025-07-17T11:59:01 IST">
  <testcase classname="swagLabs.TestCases.AddToCartTest" name="loginTest" time="0.56"/>
  <testcase classname="swagLabs.TestCases.AddToCartTest" name="addToCartTest" time="0.131"/>
  <testcase classname="swagLabs.TestCases.AddToCartTest" name="cartPageTest" time="0.134"/>
  <testcase classname="swagLabs.TestCases.AddToCartTest" name="checkoutPersonalDetailsTest" time="0.546"/>
  <testcase classname="swagLabs.TestCases.AddToCartTest" name="finishOrderTest" time="0.13"/>
</testsuite> <!-- Surefire test -->
