<?xml version="1.0" encoding="UTF-8"?>
<!-- Generated by org.testng.reporters.JUnitXMLReporter -->
<testsuite ignored="0" hostname="Ketan-PC" failures="0" tests="5" name="Default test" time="18.223" errors="0" timestamp="2025-07-17T15:41:26 IST">
  <testcase classname="swagLabs.TestCases.AddToCartTest" name="loginTest" time="1.568"/>
  <testcase classname="swagLabs.TestCases.AddToCartTest" name="addToCartTest" time="0.356"/>
  <testcase classname="swagLabs.TestCases.AddToCartTest" name="cartPageTest" time="0.363"/>
  <testcase classname="swagLabs.TestCases.AddToCartTest" name="checkoutPersonalDetailsTest" time="1.832"/>
  <testcase classname="swagLabs.TestCases.AddToCartTest" name="finishOrderTest" time="0.426"/>
</testsuite> <!-- Default test -->
