<?xml version="1.0" encoding="UTF-8"?>
<!-- Generated by org.testng.reporters.JUnitXMLReporter -->
<testsuite ignored="0" hostname="Ketan-PC" failures="0" tests="5" name="Default test" time="4.404" errors="0" timestamp="2025-07-20T18:47:56 IST">
  <testcase classname="swagLabs.TestCases.AddToCartTest" name="loginTest" time="0.51"/>
  <testcase classname="swagLabs.TestCases.AddToCartTest" name="addToCartTest" time="0.108"/>
  <testcase classname="swagLabs.TestCases.AddToCartTest" name="cartPageTest" time="0.111"/>
  <testcase classname="swagLabs.TestCases.AddToCartTest" name="checkoutPersonalDetailsTest" time="0.48"/>
  <testcase classname="swagLabs.TestCases.AddToCartTest" name="finishOrderTest" time="0.151"/>
</testsuite> <!-- Default test -->
