<?xml version="1.0" encoding="UTF-8"?>
<!-- Generated by org.testng.reporters.JUnitXMLReporter -->
<testsuite ignored="0" hostname="Ketan-PC" failures="0" tests="5" name="Test" time="3.731" errors="0" timestamp="2025-07-16T23:17:28 IST">
  <testcase classname="swagLabs.TestCases.AddToCartTest" name="loginTest" time="0.446"/>
  <testcase classname="swagLabs.TestCases.AddToCartTest" name="addToCartTest" time="0.126"/>
  <testcase classname="swagLabs.TestCases.AddToCartTest" name="cartPageTest" time="0.111"/>
  <testcase classname="swagLabs.TestCases.AddToCartTest" name="checkoutPersonalDetailsTest" time="0.538"/>
  <testcase classname="swagLabs.TestCases.AddToCartTest" name="finishOrderTest" time="0.188"/>
</testsuite> <!-- Test -->
