<?xml version="1.0" encoding="UTF-8"?>
<testng-results ignored="0" total="5" passed="5" failed="0" skipped="0">
  <reporter-output>
  </reporter-output>
  <suite started-at="2025-07-17T11:58:56 IST" name="Surefire suite" finished-at="2025-07-17T11:59:01 IST" duration-ms="5719">
    <groups>
    </groups>
    <test started-at="2025-07-17T11:58:56 IST" name="Surefire test" finished-at="2025-07-17T11:59:01 IST" duration-ms="5719">
      <class name="swagLabs.TestCases.AddToCartTest">
        <test-method is-config="true" signature="setUp()[pri:0, instance:swagLabs.TestCases.AddToCartTest@3148f668]" started-at="2025-07-17T11:58:56 IST" name="setUp" finished-at="2025-07-17T11:59:00 IST" duration-ms="4052" status="PASS">
          <reporter-output>
          </reporter-output>
        </test-method> <!-- setUp -->
        <test-method signature="loginTest()[pri:0, instance:swagLabs.TestCases.AddToCartTest@3148f668]" started-at="2025-07-17T11:59:00 IST" name="loginTest" description="Login with valid credentials" finished-at="2025-07-17T11:59:00 IST" duration-ms="560" status="PASS">
          <reporter-output>
          </reporter-output>
        </test-method> <!-- loginTest -->
        <test-method signature="addToCartTest()[pri:0, instance:swagLabs.TestCases.AddToCartTest@3148f668]" started-at="2025-07-17T11:59:00 IST" name="addToCartTest" description="Add item to cart" finished-at="2025-07-17T11:59:01 IST" depends-on-methods="swagLabs.TestCases.AddToCartTest.loginTest" duration-ms="131" status="PASS">
          <reporter-output>
          </reporter-output>
        </test-method> <!-- addToCartTest -->
        <test-method signature="cartPageTest()[pri:0, instance:swagLabs.TestCases.AddToCartTest@3148f668]" started-at="2025-07-17T11:59:01 IST" name="cartPageTest" description="Cart Verification" finished-at="2025-07-17T11:59:01 IST" depends-on-methods="swagLabs.TestCases.AddToCartTest.addToCartTest" duration-ms="134" status="PASS">
          <reporter-output>
          </reporter-output>
        </test-method> <!-- cartPageTest -->
        <test-method signature="checkoutPersonalDetailsTest()[pri:0, instance:swagLabs.TestCases.AddToCartTest@3148f668]" started-at="2025-07-17T11:59:01 IST" name="checkoutPersonalDetailsTest" description="Enter personal details and verify overview page" finished-at="2025-07-17T11:59:01 IST" depends-on-methods="swagLabs.TestCases.AddToCartTest.cartPageTest" duration-ms="546" status="PASS">
          <reporter-output>
          </reporter-output>
        </test-method> <!-- checkoutPersonalDetailsTest -->
        <test-method signature="finishOrderTest()[pri:0, instance:swagLabs.TestCases.AddToCartTest@3148f668]" started-at="2025-07-17T11:59:01 IST" name="finishOrderTest" description="Finish order and validate confirmation" finished-at="2025-07-17T11:59:01 IST" depends-on-methods="swagLabs.TestCases.AddToCartTest.checkoutPersonalDetailsTest" duration-ms="130" status="PASS">
          <reporter-output>
          </reporter-output>
        </test-method> <!-- finishOrderTest -->
        <test-method is-config="true" signature="tearDown()[pri:0, instance:swagLabs.TestCases.AddToCartTest@3148f668]" started-at="2025-07-17T11:59:01 IST" name="tearDown" finished-at="2025-07-17T11:59:01 IST" duration-ms="1" status="PASS">
          <reporter-output>
          </reporter-output>
        </test-method> <!-- tearDown -->
      </class> <!-- swagLabs.TestCases.AddToCartTest -->
    </test> <!-- Surefire test -->
  </suite> <!-- Surefire suite -->
</testng-results>
