<?xml version="1.0" encoding="UTF-8"?>
<testsuite xmlns:xsi="http://www.w3.org/2001/XMLSchema-instance" xsi:noNamespaceSchemaLocation="https://maven.apache.org/surefire/maven-surefire-plugin/xsd/surefire-test-report-3.0.xsd" version="3.0" name="swagLabs.TestCases.AddToCartTest" time="6.468" tests="5" errors="0" skipped="0" failures="0">
  <properties>
[...]
</properties>
  <testcase name="loginTest" classname="swagLabs.TestCases.AddToCartTest" time="0.657">
    <system-err><![CDATA[SLF4J: Failed to load class "org.slf4j.impl.StaticLoggerBinder".
SLF4J: Defaulting to no-operation (NOP) logger implementation
SLF4J: See http://www.slf4j.org/codes.html#StaticLoggerBinder for further details.
Jul 17, 2025 11:58:59 AM org.openqa.selenium.devtools.CdpVersionFinder findNearestMatch
WARNING: Unable to find an exact match for CDP version 138, returning the closest version; found: 135; Please update to a Selenium version that supports CDP version 138
]]></system-err>
  </testcase>
  <testcase name="addToCartTest" classname="swagLabs.TestCases.AddToCartTest" time="0.135"/>
  <testcase name="cartPageTest" classname="swagLabs.TestCases.AddToCartTest" time="0.136"/>
  <testcase name="checkoutPersonalDetailsTest" classname="swagLabs.TestCases.AddToCartTest" time="0.549"/>
  <testcase name="finishOrderTest" classname="swagLabs.TestCases.AddToCartTest" time="0.131"/>
</testsuite>