<?xml version="1.0" encoding="UTF-8"?>
<testng-results ignored="0" total="5" passed="5" failed="0" skipped="0">
  <reporter-output>
  </reporter-output>
  <suite started-at="2025-07-17T15:41:07 IST" name="Default suite" finished-at="2025-07-17T15:41:25 IST" duration-ms="18223">
    <groups>
    </groups>
    <test started-at="2025-07-17T15:41:07 IST" name="Default test" finished-at="2025-07-17T15:41:25 IST" duration-ms="18223">
      <class name="swagLabs.TestCases.AddToCartTest">
        <test-method is-config="true" signature="setUp()[pri:0, instance:swagLabs.TestCases.AddToCartTest@db57326]" started-at="2025-07-17T15:41:07 IST" name="setUp" finished-at="2025-07-17T15:41:20 IST" duration-ms="13191" status="PASS">
          <reporter-output>
          </reporter-output>
        </test-method> <!-- setUp -->
        <test-method signature="loginTest()[pri:0, instance:swagLabs.TestCases.AddToCartTest@db57326]" started-at="2025-07-17T15:41:21 IST" name="loginTest" description="Login with valid credentials" finished-at="2025-07-17T15:41:22 IST" duration-ms="1568" status="PASS">
          <reporter-output>
          </reporter-output>
        </test-method> <!-- loginTest -->
        <test-method signature="addToCartTest()[pri:0, instance:swagLabs.TestCases.AddToCartTest@db57326]" started-at="2025-07-17T15:41:22 IST" name="addToCartTest" description="Add item to cart" finished-at="2025-07-17T15:41:23 IST" depends-on-methods="swagLabs.TestCases.AddToCartTest.loginTest" duration-ms="356" status="PASS">
          <reporter-output>
          </reporter-output>
        </test-method> <!-- addToCartTest -->
        <test-method signature="cartPageTest()[pri:0, instance:swagLabs.TestCases.AddToCartTest@db57326]" started-at="2025-07-17T15:41:23 IST" name="cartPageTest" description="Cart Verification" finished-at="2025-07-17T15:41:23 IST" depends-on-methods="swagLabs.TestCases.AddToCartTest.addToCartTest" duration-ms="363" status="PASS">
          <reporter-output>
          </reporter-output>
        </test-method> <!-- cartPageTest -->
        <test-method signature="checkoutPersonalDetailsTest()[pri:0, instance:swagLabs.TestCases.AddToCartTest@db57326]" started-at="2025-07-17T15:41:23 IST" name="checkoutPersonalDetailsTest" description="Enter personal details and verify overview page" finished-at="2025-07-17T15:41:25 IST" depends-on-methods="swagLabs.TestCases.AddToCartTest.cartPageTest" duration-ms="1832" status="PASS">
          <reporter-output>
          </reporter-output>
        </test-method> <!-- checkoutPersonalDetailsTest -->
        <test-method signature="finishOrderTest()[pri:0, instance:swagLabs.TestCases.AddToCartTest@db57326]" started-at="2025-07-17T15:41:25 IST" name="finishOrderTest" description="Finish order and validate confirmation" finished-at="2025-07-17T15:41:25 IST" depends-on-methods="swagLabs.TestCases.AddToCartTest.checkoutPersonalDetailsTest" duration-ms="426" status="PASS">
          <reporter-output>
          </reporter-output>
        </test-method> <!-- finishOrderTest -->
        <test-method is-config="true" signature="tearDown()[pri:0, instance:swagLabs.TestCases.AddToCartTest@db57326]" started-at="2025-07-17T15:41:25 IST" name="tearDown" finished-at="2025-07-17T15:41:25 IST" duration-ms="4" status="PASS">
          <reporter-output>
          </reporter-output>
        </test-method> <!-- tearDown -->
      </class> <!-- swagLabs.TestCases.AddToCartTest -->
    </test> <!-- Default test -->
  </suite> <!-- Default suite -->
</testng-results>
